******************************
Namespace(board=True, cfg='./configs/coco/resnet/dcn-ft.yaml', debug=False, detector='yolo', device=device(type='cuda', index=0), dist_backend='nccl', dist_url='tcp://192.168.1.214:23345', exp_id='res50-dcn-ft-noise-adamw', gpus=[0], launcher='none', map=True, nThreads=60, rank=-1, snapshot=5, sync=False, work_dir='./exp/res50-dcn-ft-noise-adamw-dcn-ft.yaml/', world_size=-1)
******************************
{'DATASET': {'TRAIN': {'TYPE': 'Mscoco', 'ROOT': './data/coco/', 'IMG_PREFIX': 'train2017', 'ANN': 'annotations/person_keypoints_train2017.json', 'AUG': {'FLIP': True, 'ROT_FACTOR': 45, 'SCALE_FACTOR': 0.35, 'NUM_JOINTS_HALF_BODY': 8, 'PROB_HALF_BODY': 0.3}}, 'VAL': {'TYPE': 'Mscoco', 'ROOT': './data/coco/', 'IMG_PREFIX': 'val2017', 'ANN': 'annotations/person_keypoints_val2017.json'}, 'TEST': {'TYPE': 'Mscoco_det', 'ROOT': './data/coco/', 'IMG_PREFIX': 'val2017', 'DET_FILE': './exp/json/test_det_yolo.json', 'ANN': 'annotations/person_keypoints_val2017.json'}}, 'DATA_PRESET': {'TYPE': 'simple', 'SIGMA': 2, 'NUM_JOINTS': 17, 'IMAGE_SIZE': [256, 192], 'HEATMAP_SIZE': [64, 48]}, 'MODEL': {'TYPE': 'FastPose', 'PRETRAINED': './models/fast_dcn_res50_256x192.pth', 'TRY_LOAD': '', 'NUM_DECONV_FILTERS': [256, 256, 256], 'NUM_LAYERS': 50, 'DCN': {'MODULATED': False, 'DEFORM_GROUP': 1, 'FALLBACK_ON_STRIDE': False}, 'STAGE_WITH_DCN': [False, True, True, True]}, 'DETECTOR': {'NAME': 'yolo', 'CONFIG': 'detector/yolo/cfg/yolov3-spp.cfg', 'WEIGHTS': 'detector/yolo/data/yolov3-spp.weights', 'NMS_THRES': 0.6, 'CONFIDENCE': 0.05}, 'TRAIN': {'WORLD_SIZE': -1, 'BATCH_SIZE': 96, 'BEGIN_EPOCH': 210, 'END_EPOCH': 270, 'OPTIMIZER': 'adam', 'LR': 0.001, 'LR_FACTOR': 0.1, 'LR_STEP': [170, 200], 'DPG_MILESTONE': 210, 'DPG_STEP': [20, 40]}, 'FILE_NAME': 'dcn-ft.yaml'}
******************************
Loading model from ./models/fast_dcn_res50_256x192.pth...
******************************
Namespace(board=True, cfg='./configs/coco/resnet/dcn-ft.yaml', debug=False, detector='yolo', device=device(type='cuda', index=0), dist_backend='nccl', dist_url='tcp://192.168.1.214:23345', exp_id='res50-dcn-ft-noise-adamw', gpus=[0], launcher='none', map=True, nThreads=60, rank=-1, snapshot=5, sync=False, work_dir='./exp/res50-dcn-ft-noise-adamw-dcn-ft.yaml/', world_size=-1)
******************************
{'DATASET': {'TRAIN': {'TYPE': 'Mscoco', 'ROOT': './data/coco/', 'IMG_PREFIX': 'train2017', 'ANN': 'annotations/person_keypoints_train2017.json', 'AUG': {'FLIP': True, 'ROT_FACTOR': 45, 'SCALE_FACTOR': 0.35, 'NUM_JOINTS_HALF_BODY': 8, 'PROB_HALF_BODY': 0.3}}, 'VAL': {'TYPE': 'Mscoco', 'ROOT': './data/coco/', 'IMG_PREFIX': 'val2017', 'ANN': 'annotations/person_keypoints_val2017.json'}, 'TEST': {'TYPE': 'Mscoco_det', 'ROOT': './data/coco/', 'IMG_PREFIX': 'val2017', 'DET_FILE': './exp/json/test_det_yolo.json', 'ANN': 'annotations/person_keypoints_val2017.json'}}, 'DATA_PRESET': {'TYPE': 'simple', 'SIGMA': 2, 'NUM_JOINTS': 17, 'IMAGE_SIZE': [256, 192], 'HEATMAP_SIZE': [64, 48]}, 'MODEL': {'TYPE': 'FastPose', 'PRETRAINED': './models/fast_dcn_res50_256x192.pth', 'TRY_LOAD': '', 'NUM_DECONV_FILTERS': [256, 256, 256], 'NUM_LAYERS': 50, 'DCN': {'MODULATED': False, 'DEFORM_GROUP': 1, 'FALLBACK_ON_STRIDE': False}, 'STAGE_WITH_DCN': [False, True, True, True]}, 'DETECTOR': {'NAME': 'yolo', 'CONFIG': 'detector/yolo/cfg/yolov3-spp.cfg', 'WEIGHTS': 'detector/yolo/data/yolov3-spp.weights', 'NMS_THRES': 0.6, 'CONFIDENCE': 0.05}, 'TRAIN': {'WORLD_SIZE': -1, 'BATCH_SIZE': 96, 'BEGIN_EPOCH': 210, 'END_EPOCH': 270, 'OPTIMIZER': 'adam', 'LR': 0.001, 'LR_FACTOR': 0.1, 'LR_STEP': [170, 200], 'DPG_MILESTONE': 210, 'DPG_STEP': [20, 40]}, 'FILE_NAME': 'dcn-ft.yaml'}
******************************
Loading model from ./models/fast_dcn_res50_256x192.pth...
--------------------- Starting Epoch 210 | LR: 0.001 ---------------------
******************************
Namespace(board=True, cfg='./configs/coco/resnet/dcn-ft.yaml', debug=False, detector='yolo', device=device(type='cuda', index=0), dist_backend='nccl', dist_url='tcp://192.168.1.214:23345', exp_id='res50-dcn-ft-noise-adamw', gpus=[0], launcher='none', map=True, nThreads=60, rank=-1, snapshot=5, sync=False, work_dir='./exp/res50-dcn-ft-noise-adamw-dcn-ft.yaml/', world_size=-1)
******************************
{'DATASET': {'TRAIN': {'TYPE': 'Mscoco', 'ROOT': './data/coco/', 'IMG_PREFIX': 'train2017', 'ANN': 'annotations/person_keypoints_train2017.json', 'AUG': {'FLIP': True, 'ROT_FACTOR': 45, 'SCALE_FACTOR': 0.35, 'NUM_JOINTS_HALF_BODY': 8, 'PROB_HALF_BODY': 0.3}}, 'VAL': {'TYPE': 'Mscoco', 'ROOT': './data/coco/', 'IMG_PREFIX': 'val2017', 'ANN': 'annotations/person_keypoints_val2017.json'}, 'TEST': {'TYPE': 'Mscoco_det', 'ROOT': './data/coco/', 'IMG_PREFIX': 'val2017', 'DET_FILE': './exp/json/test_det_yolo.json', 'ANN': 'annotations/person_keypoints_val2017.json'}}, 'DATA_PRESET': {'TYPE': 'simple', 'SIGMA': 2, 'NUM_JOINTS': 17, 'IMAGE_SIZE': [256, 192], 'HEATMAP_SIZE': [64, 48]}, 'MODEL': {'TYPE': 'FastPose', 'PRETRAINED': './models/fast_dcn_res50_256x192.pth', 'TRY_LOAD': '', 'NUM_DECONV_FILTERS': [256, 256, 256], 'NUM_LAYERS': 50, 'DCN': {'MODULATED': False, 'DEFORM_GROUP': 1, 'FALLBACK_ON_STRIDE': False}, 'STAGE_WITH_DCN': [False, True, True, True]}, 'DETECTOR': {'NAME': 'yolo', 'CONFIG': 'detector/yolo/cfg/yolov3-spp.cfg', 'WEIGHTS': 'detector/yolo/data/yolov3-spp.weights', 'NMS_THRES': 0.6, 'CONFIDENCE': 0.05}, 'TRAIN': {'WORLD_SIZE': -1, 'BATCH_SIZE': 128, 'BEGIN_EPOCH': 210, 'END_EPOCH': 270, 'OPTIMIZER': 'adam', 'LR': 0.001, 'LR_FACTOR': 0.1, 'LR_STEP': [170, 200], 'DPG_MILESTONE': 210, 'DPG_STEP': [20, 40]}, 'FILE_NAME': 'dcn-ft.yaml'}
******************************
Loading model from ./models/fast_dcn_res50_256x192.pth...
--------------------- Starting Epoch 210 | LR: 0.001 ---------------------
******************************
Namespace(board=True, cfg='./configs/coco/resnet/dcn-ft.yaml', debug=False, detector='yolo', device=device(type='cuda', index=0), dist_backend='nccl', dist_url='tcp://192.168.1.214:23345', exp_id='res50-dcn-ft-noise-adamw', gpus=[0], launcher='none', map=True, nThreads=60, rank=-1, snapshot=5, sync=False, work_dir='./exp/res50-dcn-ft-noise-adamw-dcn-ft.yaml/', world_size=-1)
******************************
{'DATASET': {'TRAIN': {'TYPE': 'Mscoco', 'ROOT': './data/coco/', 'IMG_PREFIX': 'train2017', 'ANN': 'annotations/person_keypoints_train2017.json', 'AUG': {'FLIP': True, 'ROT_FACTOR': 45, 'SCALE_FACTOR': 0.35, 'NUM_JOINTS_HALF_BODY': 8, 'PROB_HALF_BODY': 0.3}}, 'VAL': {'TYPE': 'Mscoco', 'ROOT': './data/coco/', 'IMG_PREFIX': 'val2017', 'ANN': 'annotations/person_keypoints_val2017.json'}, 'TEST': {'TYPE': 'Mscoco_det', 'ROOT': './data/coco/', 'IMG_PREFIX': 'val2017', 'DET_FILE': './exp/json/test_det_yolo.json', 'ANN': 'annotations/person_keypoints_val2017.json'}}, 'DATA_PRESET': {'TYPE': 'simple', 'SIGMA': 2, 'NUM_JOINTS': 17, 'IMAGE_SIZE': [256, 192], 'HEATMAP_SIZE': [64, 48]}, 'MODEL': {'TYPE': 'FastPose', 'PRETRAINED': './models/fast_dcn_res50_256x192.pth', 'TRY_LOAD': '', 'NUM_DECONV_FILTERS': [256, 256, 256], 'NUM_LAYERS': 50, 'DCN': {'MODULATED': False, 'DEFORM_GROUP': 1, 'FALLBACK_ON_STRIDE': False}, 'STAGE_WITH_DCN': [False, True, True, True]}, 'DETECTOR': {'NAME': 'yolo', 'CONFIG': 'detector/yolo/cfg/yolov3-spp.cfg', 'WEIGHTS': 'detector/yolo/data/yolov3-spp.weights', 'NMS_THRES': 0.6, 'CONFIDENCE': 0.05}, 'TRAIN': {'WORLD_SIZE': -1, 'BATCH_SIZE': 64, 'BEGIN_EPOCH': 210, 'END_EPOCH': 270, 'OPTIMIZER': 'adam', 'LR': 0.001, 'LR_FACTOR': 0.1, 'LR_STEP': [170, 200], 'DPG_MILESTONE': 210, 'DPG_STEP': [20, 40]}, 'FILE_NAME': 'dcn-ft.yaml'}
******************************
Loading model from ./models/fast_dcn_res50_256x192.pth...
--------------------- Starting Epoch 210 | LR: 0.001 ---------------------
Train-210 epoch | loss:0.00039082 | acc:0.7865
--------------------- Starting Epoch 211 | LR: 0.001 ---------------------
******************************
Namespace(board=True, cfg='./configs/coco/resnet/dcn-ft.yaml', debug=False, detector='yolo', device=device(type='cuda', index=0), dist_backend='nccl', dist_url='tcp://192.168.1.214:23345', exp_id='res50-dcn-ft-noise-adamw', gpus=[0], launcher='none', map=True, nThreads=60, rank=-1, snapshot=5, sync=False, work_dir='./exp/res50-dcn-ft-noise-adamw-dcn-ft.yaml/', world_size=-1)
******************************
{'DATASET': {'TRAIN': {'TYPE': 'Mscoco', 'ROOT': './data/coco/', 'IMG_PREFIX': 'train2017', 'ANN': 'annotations/person_keypoints_train2017.json', 'AUG': {'FLIP': True, 'ROT_FACTOR': 45, 'SCALE_FACTOR': 0.35, 'NUM_JOINTS_HALF_BODY': 8, 'PROB_HALF_BODY': 0.3}}, 'VAL': {'TYPE': 'Mscoco', 'ROOT': './data/coco/', 'IMG_PREFIX': 'val2017', 'ANN': 'annotations/person_keypoints_val2017.json'}, 'TEST': {'TYPE': 'Mscoco_det', 'ROOT': './data/coco/', 'IMG_PREFIX': 'val2017', 'DET_FILE': './exp/json/test_det_yolo.json', 'ANN': 'annotations/person_keypoints_val2017.json'}}, 'DATA_PRESET': {'TYPE': 'simple', 'SIGMA': 2, 'NUM_JOINTS': 17, 'IMAGE_SIZE': [256, 192], 'HEATMAP_SIZE': [64, 48]}, 'MODEL': {'TYPE': 'FastPose', 'PRETRAINED': './models/fast_dcn_res50_256x192.pth', 'TRY_LOAD': '', 'NUM_DECONV_FILTERS': [256, 256, 256], 'NUM_LAYERS': 50, 'DCN': {'MODULATED': False, 'DEFORM_GROUP': 1, 'FALLBACK_ON_STRIDE': False}, 'STAGE_WITH_DCN': [False, True, True, True]}, 'DETECTOR': {'NAME': 'yolo', 'CONFIG': 'detector/yolo/cfg/yolov3-spp.cfg', 'WEIGHTS': 'detector/yolo/data/yolov3-spp.weights', 'NMS_THRES': 0.6, 'CONFIDENCE': 0.05}, 'TRAIN': {'WORLD_SIZE': -1, 'BATCH_SIZE': 64, 'BEGIN_EPOCH': 0, 'END_EPOCH': 60, 'OPTIMIZER': 'adam', 'LR': 0.001, 'LR_FACTOR': 0.1, 'LR_STEP': [1], 'DPG_MILESTONE': 2, 'DPG_STEP': [28, 48]}, 'FILE_NAME': 'dcn-ft.yaml'}
******************************
Loading model from ./models/fast_dcn_res50_256x192.pth...
--------------------- Starting Epoch 0 | LR: 0.001 ---------------------
Train-0 epoch | loss:0.00039155 | acc:0.7860
--------------------- Starting Epoch 1 | LR: 0.0001 ---------------------
Train-1 epoch | loss:0.00036638 | acc:0.8061
--------------------- Starting Epoch 2 | LR: 0.0001 ---------------------
Train-2 epoch | loss:0.00035596 | acc:0.8143
--------------------- Starting Epoch 3 | LR: 0.001 ---------------------
Train-3 epoch | loss:0.00039891 | acc:0.7782
--------------------- Starting Epoch 4 | LR: 0.001 ---------------------
Train-4 epoch | loss:0.00040015 | acc:0.7763
